<?xml version="1.0" encoding="UTF-8"?>
<!-- Generated by org.testng.reporters.JUnitXMLReporter -->
<testsuite ignored="1" hostname="Ganesh-Bhadrike" failures="0" tests="4" name="Personal Loan" time="0.084" errors="0" timestamp="2025-04-12T17:36:40 IST">
  <testcase classname="com.test.Test2" name="arp" time="0.009"/>
  <testcase classname="com.test.Test2" name="test2" time="0.001"/>
  <testcase classname="com.test.Test2" name="timeoutMethod" time="0.007"/>
  <testcase classname="com.test.Test2" name="test1" time="0.002"/>
  <testcase classname="com.test.Test2" name="enabledMethod" time="0.0">
    <ignored/>
  </testcase> <!-- enabledMethod -->
</testsuite> <!-- Personal Loan -->
