<?xml version="1.0" encoding="UTF-8"?>
<testng-results ignored="0" total="4" passed="4" failed="0" skipped="0">
  <reporter-output>
  </reporter-output>
  <suite started-at="2025-04-12T17:36:40 IST" name="Loan Department" finished-at="2025-04-12T17:36:40 IST" duration-ms="84">
    <groups>
      <group name="Smoke">
        <method signature="Test2.arp()[pri:0, instance:com.test.Test2@34123d65]" name="arp" class="com.test.Test2"/>
      </group> <!-- Smoke -->
    </groups>
    <test started-at="2025-04-12T17:36:40 IST" name="Personal Loan" finished-at="2025-04-12T17:36:40 IST" duration-ms="84">
      <class name="com.test.Test2">
        <test-method is-config="true" signature="Bfsuite()[pri:0, instance:com.test.Test2@34123d65]" started-at="2025-04-12T17:36:40 IST" name="Bfsuite" finished-at="2025-04-12T17:36:40 IST" duration-ms="11" status="PASS">
          <reporter-output>
          </reporter-output>
        </test-method> <!-- Bfsuite -->
        <test-method is-config="true" signature="beforetestrun()[pri:0, instance:com.test.Test2@34123d65]" started-at="2025-04-12T17:36:40 IST" name="beforetestrun" finished-at="2025-04-12T17:36:40 IST" duration-ms="1" status="PASS">
          <reporter-output>
          </reporter-output>
        </test-method> <!-- beforetestrun -->
        <test-method is-config="true" signature="bfclass()[pri:0, instance:com.test.Test2@34123d65]" started-at="2025-04-12T17:36:40 IST" name="bfclass" finished-at="2025-04-12T17:36:40 IST" duration-ms="1" status="PASS">
          <reporter-output>
          </reporter-output>
        </test-method> <!-- bfclass -->
        <test-method is-config="true" signature="Bfmethod()[pri:0, instance:com.test.Test2@34123d65]" started-at="2025-04-12T17:36:40 IST" name="Bfmethod" finished-at="2025-04-12T17:36:40 IST" duration-ms="1" status="PASS">
          <reporter-output>
          </reporter-output>
        </test-method> <!-- Bfmethod -->
        <test-method signature="arp()[pri:0, instance:com.test.Test2@34123d65]" started-at="2025-04-12T17:36:40 IST" name="arp" finished-at="2025-04-12T17:36:40 IST" duration-ms="9" status="PASS">
          <reporter-output>
          </reporter-output>
        </test-method> <!-- arp -->
        <test-method is-config="true" signature="Bfmethod()[pri:0, instance:com.test.Test2@34123d65]" started-at="2025-04-12T17:36:40 IST" name="Bfmethod" finished-at="2025-04-12T17:36:40 IST" duration-ms="1" status="PASS">
          <reporter-output>
          </reporter-output>
        </test-method> <!-- Bfmethod -->
        <test-method signature="test2()[pri:0, instance:com.test.Test2@34123d65]" started-at="2025-04-12T17:36:40 IST" name="test2" finished-at="2025-04-12T17:36:40 IST" duration-ms="1" status="PASS">
          <reporter-output>
          </reporter-output>
        </test-method> <!-- test2 -->
        <test-method is-config="true" signature="Bfmethod()[pri:0, instance:com.test.Test2@34123d65]" started-at="2025-04-12T17:36:40 IST" name="Bfmethod" finished-at="2025-04-12T17:36:40 IST" duration-ms="0" status="PASS">
          <reporter-output>
          </reporter-output>
        </test-method> <!-- Bfmethod -->
        <test-method signature="timeoutMethod()[pri:0, instance:com.test.Test2@34123d65]" started-at="2025-04-12T17:36:40 IST" name="timeoutMethod" finished-at="2025-04-12T17:36:40 IST" duration-ms="7" status="PASS">
          <reporter-output>
          </reporter-output>
        </test-method> <!-- timeoutMethod -->
        <test-method is-config="true" signature="Bfmethod()[pri:0, instance:com.test.Test2@34123d65]" started-at="2025-04-12T17:36:40 IST" name="Bfmethod" finished-at="2025-04-12T17:36:40 IST" duration-ms="1" status="PASS">
          <reporter-output>
          </reporter-output>
        </test-method> <!-- Bfmethod -->
        <test-method signature="test1()[pri:0, instance:com.test.Test2@34123d65]" started-at="2025-04-12T17:36:40 IST" name="test1" finished-at="2025-04-12T17:36:40 IST" depends-on-methods="com.test.Test2.test2" duration-ms="2" status="PASS">
          <reporter-output>
          </reporter-output>
        </test-method> <!-- test1 -->
        <test-method is-config="true" signature="Afclass()[pri:0, instance:com.test.Test2@34123d65]" started-at="2025-04-12T17:36:40 IST" name="Afclass" finished-at="2025-04-12T17:36:40 IST" duration-ms="1" status="PASS">
          <reporter-output>
          </reporter-output>
        </test-method> <!-- Afclass -->
        <test-method is-config="true" signature="aftertestexecution()[pri:0, instance:com.test.Test2@34123d65]" started-at="2025-04-12T17:36:40 IST" name="aftertestexecution" finished-at="2025-04-12T17:36:40 IST" duration-ms="1" status="PASS">
          <reporter-output>
          </reporter-output>
        </test-method> <!-- aftertestexecution -->
      </class> <!-- com.test.Test2 -->
    </test> <!-- Personal Loan -->
  </suite> <!-- Loan Department -->
</testng-results>
