<?xml version="1.0" encoding="UTF-8"?>
<!-- Generated by org.testng.reporters.JUnitXMLReporter -->
<testsuite ignored="13" hostname="LAPTOP-L5P8IEBT" failures="0" tests="4" name="GRP-Smoke" time="0.053" errors="0" timestamp="2025-01-29T12:57:57 IST">
  <testcase classname="com.test.Test4" name="brp" time="0.008"/>
  <testcase classname="com.test.Test3" name="drp" time="0.002"/>
  <testcase classname="com.test.Test2" name="arp" time="0.0"/>
  <testcase classname="com.test.Test1" name="crp" time="0.001"/>
  <testcase classname="com.test.Test4" name="apiloginhomeloan" time="0.0">
    <ignored/>
  </testcase> <!-- apiloginhomeloan -->
  <testcase classname="com.test.Test2" name="test1" time="0.0">
    <ignored/>
  </testcase> <!-- test1 -->
  <testcase classname="com.test.Test3" name="mobilelogincarloan" time="0.0">
    <ignored/>
  </testcase> <!-- mobilelogincarloan -->
  <testcase classname="com.test.Test2" name="test2" time="0.0">
    <ignored/>
  </testcase> <!-- test2 -->
  <testcase classname="com.test.Test4" name="parametrize" time="0.0">
    <ignored/>
  </testcase> <!-- parametrize -->
  <testcase classname="com.test.Test2" name="timeoutMethod" time="0.0">
    <ignored/>
  </testcase> <!-- timeoutMethod -->
  <testcase classname="com.test.Test1" name="test1" time="0.0">
    <ignored/>
  </testcase> <!-- test1 -->
  <testcase classname="com.test.Test2" name="enabledMethod" time="0.0">
    <ignored/>
  </testcase> <!-- enabledMethod -->
  <testcase classname="com.test.Test1" name="test2" time="0.0">
    <ignored/>
  </testcase> <!-- test2 -->
  <testcase classname="com.test.Test3" name="apilogincarloan" time="0.0">
    <ignored/>
  </testcase> <!-- apilogincarloan -->
  <testcase classname="com.test.Test4" name="mobileloginhomeloan" time="0.0">
    <ignored/>
  </testcase> <!-- mobileloginhomeloan -->
  <testcase classname="com.test.Test3" name="weblogincarloan" time="0.0">
    <ignored/>
  </testcase> <!-- weblogincarloan -->
  <testcase classname="com.test.Test4" name="webloginhomeloan" time="0.0">
    <ignored/>
  </testcase> <!-- webloginhomeloan -->
</testsuite> <!-- GRP-Smoke -->
