<?xml version="1.0" encoding="UTF-8"?>
<!-- Generated by org.testng.reporters.JUnitXMLReporter -->
<testsuite ignored="0" hostname="Ganesh-Bhadrike" failures="0" tests="4" name="Default test" time="0.075" errors="0" timestamp="2025-04-12T12:43:33 IST">
  <testcase classname="com.test.Test3" name="apilogincarloan" time="0.006"/>
  <testcase classname="com.test.Test3" name="drp" time="0.002"/>
  <testcase classname="com.test.Test3" name="mobilelogincarloan" time="0.002"/>
  <testcase classname="com.test.Test3" name="weblogincarloan" time="0.002"/>
</testsuite> <!-- Default test -->
