<?xml version="1.0" encoding="UTF-8"?>
<testng-results ignored="0" total="1" passed="1" failed="0" skipped="0">
  <reporter-output>
  </reporter-output>
  <suite started-at="2025-05-19T12:47:46 IST" name="Default suite" finished-at="2025-05-19T12:48:07 IST" duration-ms="20538">
    <groups>
    </groups>
    <test started-at="2025-05-19T12:47:46 IST" name="Default test" finished-at="2025-05-19T12:48:07 IST" duration-ms="20538">
      <class name="appiumtests.AppiumBasics">
        <test-method is-config="true" signature="setup()[pri:0, instance:appiumtests.AppiumBasics@67080771]" started-at="2025-05-19T12:47:46 IST" name="setup" finished-at="2025-05-19T12:47:46 IST" duration-ms="11" status="PASS">
          <reporter-output>
          </reporter-output>
        </test-method> <!-- setup -->
        <test-method signature="calculate()[pri:0, instance:appiumtests.AppiumBasics@67080771]" started-at="2025-05-19T12:47:46 IST" name="calculate" finished-at="2025-05-19T12:48:07 IST" duration-ms="20490" status="PASS">
          <reporter-output>
          </reporter-output>
        </test-method> <!-- calculate -->
      </class> <!-- appiumtests.AppiumBasics -->
    </test> <!-- Default test -->
  </suite> <!-- Default suite -->
</testng-results>
