<?xml version="1.0" encoding="UTF-8"?>
<testng-results ignored="0" total="1" passed="1" failed="0" skipped="0">
  <reporter-output>
  </reporter-output>
  <suite started-at="2023-12-28T20:32:09 IST" name="Default suite" finished-at="2023-12-28T20:32:09 IST" duration-ms="40">
    <groups>
    </groups>
    <test started-at="2023-12-28T20:32:09 IST" name="Default test" finished-at="2023-12-28T20:32:09 IST" duration-ms="40">
      <class name="pack2.Test2">
        <test-method signature="page1()[pri:0, instance:pack2.Test2@7193666c]" started-at="2023-12-28T20:32:09 IST" name="page1" finished-at="2023-12-28T20:32:09 IST" duration-ms="9" status="PASS">
          <reporter-output>
          </reporter-output>
        </test-method> <!-- page1 -->
      </class> <!-- pack2.Test2 -->
    </test> <!-- Default test -->
  </suite> <!-- Default suite -->
</testng-results>
