<?xml version="1.0" encoding="UTF-8"?>
<!-- Generated by org.testng.reporters.JUnitXMLReporter -->
<testsuite ignored="5" hostname="Ganesh-Bhadrike" failures="1" tests="15" name="Learning" time="0.129" errors="0" timestamp="2025-04-12T13:58:18 IST">
  <testcase classname="com.test.Practice" name="test1" time="0.011"/>
  <testcase classname="com.test.Test1" name="test1" time="0.002"/>
  <testcase classname="com.test.Test1" name="test2" time="0.002"/>
  <testcase classname="com.test.Test2" name="test2" time="0.002"/>
  <testcase classname="com.test.Test2" name="test1" time="0.002"/>
  <testcase classname="com.test.Test2" name="timeoutMethod" time="0.009"/>
  <testcase classname="com.test.Test3" name="apilogincarloan" time="0.001"/>
  <testcase classname="com.test.Test3" name="mobilelogincarloan" time="0.001"/>
  <testcase classname="com.test.Test3" name="weblogincarloan" time="0.001"/>
  <testcase classname="com.test.Test4" name="apiloginhomeloan" time="0.001"/>
  <testcase classname="com.test.Test4" name="mobileloginhomeloan" time="0.0"/>
  <testcase classname="com.test.Test4" name="parametrize" time="0.0">
    <failure type="org.testng.TestNGException" message="
Parameter &amp;apos;MainURL&amp;apos; is required by @Test on method parametrize but has not been marked @Optional or defined
in C:\Users\Ganesh Bhadrike\OneDrive\Desktop\eclipse-workspace\TestNGPractice\Groups.xml">
      <![CDATA[org.testng.TestNGException: 
Parameter 'MainURL' is required by @Test on method parametrize but has not been marked @Optional or defined
in C:\Users\Ganesh Bhadrike\OneDrive\Desktop\eclipse-workspace\TestNGPractice\Groups.xml
at java.base/java.util.ArrayList.forEach(ArrayList.java:1596)
... Removed 26 stack frames]]>
    </failure>
  </testcase> <!-- parametrize -->
  <testcase classname="com.test.Test4" name="webloginhomeloan" time="0.001"/>
  <testcase classname="com.test.Test5" name="datatocatch" time="0.003"/>
  <testcase classname="com.test.Test5" name="datatocatch" time="0.001"/>
  <testcase classname="com.test.Test3" name="drp" time="0.0">
    <ignored/>
  </testcase> <!-- drp -->
  <testcase classname="com.test.Test2" name="enabledMethod" time="0.0">
    <ignored/>
  </testcase> <!-- enabledMethod -->
  <testcase classname="com.test.Test2" name="arp" time="0.0">
    <ignored/>
  </testcase> <!-- arp -->
  <testcase classname="com.test.Test4" name="brp" time="0.0">
    <ignored/>
  </testcase> <!-- brp -->
  <testcase classname="com.test.Test1" name="crp" time="0.0">
    <ignored/>
  </testcase> <!-- crp -->
</testsuite> <!-- Learning -->
